<?xml version="1.0" encoding="UTF-8"?>
<!-- Generated by org.testng.reporters.JUnitReportReporter -->
<testsuite hostname="192.168.1.31" failures="0" tests="6" name="com.comcast.crm.parallelexecutiontest.OrganizationTest" time="65.634" errors="0" timestamp="27 Feb 2025 17:46:40 GMT" skipped="0">
  <testcase classname="com.comcast.crm.parallelexecutiontest.OrganizationTest" name="createOrganizationwithOrgName" time="10.216"/>
  <testcase classname="com.comcast.crm.parallelexecutiontest.OrganizationTest" name="createOrganizationwithOrgName" time="8.859"/>
  <testcase classname="com.comcast.crm.parallelexecutiontest.OrganizationTest" name="createOrgWithPhonenumTest" time="8.341"/>
  <testcase classname="com.comcast.crm.parallelexecutiontest.OrganizationTest" name="createOrgWithPhonenumTest" time="14.995"/>
  <testcase classname="com.comcast.crm.parallelexecutiontest.OrganizationTest" name="createOrganization" time="7.693"/>
  <testcase classname="com.comcast.crm.parallelexecutiontest.OrganizationTest" name="createOrganization" time="15.530"/>
</testsuite> <!-- com.comcast.crm.parallelexecutiontest.OrganizationTest -->
