<?xml version="1.0" encoding="UTF-8"?>
<!-- Generated by org.testng.reporters.JUnitReportReporter -->
<testsuite hostname="Airs-Air.mshome.net" failures="0" tests="1" name="com.comcast.crm.pomorgtest.CreateContactWithLastNameTest" time="12.881" errors="0" timestamp="24 Feb 2025 11:25:53 GMT" skipped="0">
  <testcase classname="com.comcast.crm.pomorgtest.CreateContactWithLastNameTest" name="createContactTest" time="12.881"/>
</testsuite> <!-- com.comcast.crm.pomorgtest.CreateContactWithLastNameTest -->
