<?xml version="1.0" encoding="UTF-8"?>
<!-- Generated by org.testng.reporters.JUnitReportReporter -->
<testsuite hostname="Airs-Air.mshome.net" failures="0" tests="1" name="Practice.test.mavenparametertest" time="12.799" errors="0" timestamp="25 Feb 2025 07:28:56 GMT" skipped="0">
  <testcase classname="Practice.test.mavenparametertest" name="mavenpara" time="12.799"/>
</testsuite> <!-- Practice.test.mavenparametertest -->
