<?xml version="1.0" encoding="UTF-8"?>
<!-- Generated by org.testng.reporters.JUnitReportReporter -->
<testsuite hostname="Airs-Air.mshome.net" failures="0" tests="6" name="com.comcast.crm.parallelexecutiontest.ContactTest" time="74.752" errors="0" timestamp="21 Feb 2025 05:26:45 GMT" skipped="0">
  <testcase classname="com.comcast.crm.parallelexecutiontest.ContactTest" name="createContactOrgTest" time="17.424"/>
  <testcase classname="com.comcast.crm.parallelexecutiontest.ContactTest" name="createContactOrgTest" time="15.630"/>
  <testcase classname="com.comcast.crm.parallelexecutiontest.ContactTest" name="createContactTest" time="8.634"/>
  <testcase classname="com.comcast.crm.parallelexecutiontest.ContactTest" name="createContactWithDate" time="8.688"/>
  <testcase classname="com.comcast.crm.parallelexecutiontest.ContactTest" name="createContactTest" time="10.620"/>
  <testcase classname="com.comcast.crm.parallelexecutiontest.ContactTest" name="createContactWithDate" time="13.756"/>
</testsuite> <!-- com.comcast.crm.parallelexecutiontest.ContactTest -->
