<?xml version="1.0" encoding="UTF-8"?>
<!-- Generated by org.testng.reporters.JUnitReportReporter -->
<testsuite hostname="192.168.1.16" failures="0" tests="1" name="com.comcast.crm.pomorgtest.CreateOrganizationPOMtest" time="24.806" errors="0" timestamp="05 Feb 2025 17:28:46 GMT" skipped="0">
  <testcase classname="com.comcast.crm.pomorgtest.CreateOrganizationPOMtest" name="CreateOrganization" time="24.806"/>
</testsuite> <!-- com.comcast.crm.pomorgtest.CreateOrganizationPOMtest -->
