<?xml version="1.0" encoding="UTF-8"?>
<!-- Generated by org.testng.reporters.JUnitReportReporter -->
<testsuite hostname="192.168.1.16" failures="0" tests="1" name="com.comcast.crm.orgtest.CreateContactWithContactNameTest" time="26.662" errors="0" timestamp="05 Feb 2025 17:36:37 GMT" skipped="0">
  <testcase classname="com.comcast.crm.orgtest.CreateContactWithContactNameTest" name="createContactWithName" time="26.662"/>
</testsuite> <!-- com.comcast.crm.orgtest.CreateContactWithContactNameTest -->
