<?xml version="1.0" encoding="UTF-8"?>
<!-- Generated by org.testng.reporters.JUnitReportReporter -->
<testsuite hostname="Airs-Air.mshome.net" failures="0" tests="1" name="com.comcast.crm.contacttest.CreateContactWithSelectOrganizationTest" time="31.589" errors="0" timestamp="07 Feb 2025 05:49:09 GMT" skipped="0">
  <testcase classname="com.comcast.crm.contacttest.CreateContactWithSelectOrganizationTest" name="createContact" time="31.589"/>
</testsuite> <!-- com.comcast.crm.contacttest.CreateContactWithSelectOrganizationTest -->
