<?xml version="1.0" encoding="UTF-8"?>
<!-- Generated by org.testng.reporters.JUnitReportReporter -->
<testsuite hostname="Airs-Air.mshome.net" failures="0" tests="1" name="com.comcast.crm.pomorgtest.CreateOrgannizationWithIndustryTest" time="10.408" errors="0" timestamp="14 Feb 2025 10:55:03 GMT" skipped="0">
  <testcase classname="com.comcast.crm.pomorgtest.CreateOrgannizationWithIndustryTest" name="createOrganization" time="10.408"/>
</testsuite> <!-- com.comcast.crm.pomorgtest.CreateOrgannizationWithIndustryTest -->
