<?xml version="1.0" encoding="UTF-8"?>
<!-- Generated by org.testng.reporters.JUnitReportReporter -->
<testsuite hostname="Airs-Air.mshome.net" failures="0" tests="1" name="com.comcast.crm.contacttest.CreateContactWithSuportDateTest" time="17.118" errors="0" timestamp="07 Feb 2025 06:14:36 GMT" skipped="0">
  <testcase classname="com.comcast.crm.contacttest.CreateContactWithSuportDateTest" name="createContact" time="17.118"/>
</testsuite> <!-- com.comcast.crm.contacttest.CreateContactWithSuportDateTest -->
